<?xml version="1.0" encoding="UTF-8"?>
<!-- Generated by org.testng.reporters.JUnitReportReporter -->
<testsuite name="Test.TestHello" tests="1" time="0.050" ignored="0" failures="0" timestamp="01 Apr 2020 08:26:35 GMT" skipped="0" hostname="Win-PC" errors="0">
  <testcase name="myTest" time="0.050" classname="Test.TestHello"/>
</testsuite> <!-- Test.TestHello -->
