<?xml version="1.0" encoding="UTF-8"?>
<!-- Generated by org.testng.reporters.JUnitReportReporter -->
<testsuite name="Test.testClassDemo" tests="1" time="0.000" ignored="0" failures="0" timestamp="19 Sep 2020 08:37:06 GMT" skipped="1" hostname="Win-PC" errors="0">
  <testcase name="notePrice" time="0.000" classname="Test.testClassDemo">
    <skipped/>
  </testcase> <!-- notePrice -->
</testsuite> <!-- Test.testClassDemo -->
