<?xml version="1.0" encoding="UTF-8"?>
<!-- Generated by org.testng.reporters.JUnitReportReporter -->
<testsuite name="Test.KeyAction" tests="1" time="31.360" ignored="0" failures="0" timestamp="09 Jun 2020 09:22:29 GMT" skipped="0" hostname="Win-PC" errors="0">
  <testcase name="rightClickNDoubleClick" time="31.360" classname="Test.KeyAction"/>
</testsuite> <!-- Test.KeyAction -->
