<?xml version="1.0" encoding="UTF-8"?>
<!-- Generated by org.testng.reporters.JUnitReportReporter -->
<testsuite name="Test.TestLogin" tests="1" time="63.330" ignored="0" failures="0" timestamp="31 Mar 2020 15:44:29 GMT" skipped="0" hostname="Win-PC" errors="0">
  <testcase name="loginToOrangeHRM" time="63.330" classname="Test.TestLogin"/>
</testsuite> <!-- Test.TestLogin -->
