<?xml version="1.0" encoding="UTF-8"?>
<!-- Generated by org.testng.reporters.JUnitReportReporter -->
<testsuite name="Test.AlertTest" tests="1" time="9.457" ignored="0" failures="0" timestamp="01 Jun 2020 11:14:18 GMT" skipped="0" hostname="Win-PC" errors="0">
  <testcase name="loginToOrangeHRMSite" time="9.457" classname="Test.AlertTest"/>
</testsuite> <!-- Test.AlertTest -->
