<?xml version="1.0" encoding="UTF-8"?>
<!-- Generated by org.testng.reporters.JUnitReportReporter -->
<testsuite name="Test.AlertTest" tests="1" time="24.721" ignored="0" failures="0" timestamp="08 Jun 2020 07:15:53 GMT" skipped="0" hostname="Win-PC" errors="0">
  <testcase name="alertTestDemo" time="24.721" classname="Test.AlertTest"/>
</testsuite> <!-- Test.AlertTest -->
