<?xml version="1.0" encoding="UTF-8"?>
<!-- Generated by org.testng.reporters.JUnitReportReporter -->
<testsuite name="Test.iFrameTest" tests="3" time="17.836" ignored="0" failures="0" timestamp="08 Jun 2020 09:45:10 GMT" skipped="0" hostname="Win-PC" errors="0">
  <testcase name="frameByIndex" time="7.138" classname="Test.iFrameTest"/>
  <testcase name="frameByName" time="10.027" classname="Test.iFrameTest"/>
  <testcase name="frameByID" time="0.671" classname="Test.iFrameTest"/>
</testsuite> <!-- Test.iFrameTest -->
