<?xml version="1.0" encoding="UTF-8"?>
<!-- Generated by org.testng.reporters.JUnitReportReporter -->
<testsuite name="Test.TooltipAction" tests="1" time="22.609" ignored="0" failures="0" timestamp="08 Jun 2020 13:30:13 GMT" skipped="0" hostname="Win-PC" errors="0">
  <testcase name="rightClickNDoubleClick" time="22.609" classname="Test.TooltipAction"/>
</testsuite> <!-- Test.TooltipAction -->
