<?xml version="1.0" encoding="UTF-8"?>
<!-- Generated by org.testng.reporters.JUnitReportReporter -->
<testsuite name="Test.RightClickAndDoubleClick" tests="1" time="16.433" ignored="0" failures="0" timestamp="08 Jun 2020 12:19:24 GMT" skipped="0" hostname="Win-PC" errors="0">
  <testcase name="rightClickNDoubleClick" time="16.433" classname="Test.RightClickAndDoubleClick"/>
</testsuite> <!-- Test.RightClickAndDoubleClick -->
