<?xml version="1.0" encoding="UTF-8"?>
<!-- Generated by org.testng.reporters.JUnitReportReporter -->
<testsuite name="Test.MouseHoverAction" tests="1" time="26.354" ignored="0" failures="0" timestamp="08 Jun 2020 12:57:21 GMT" skipped="0" hostname="Win-PC" errors="0">
  <testcase name="rightClickNDoubleClick" time="26.354" classname="Test.MouseHoverAction"/>
</testsuite> <!-- Test.MouseHoverAction -->
