<?xml version="1.0" encoding="UTF-8"?>
<!-- Generated by org.testng.reporters.JUnitReportReporter -->
<testsuite name="Test.DragNDropTest1" tests="1" time="32.501" ignored="0" failures="0" timestamp="08 Jun 2020 10:01:31 GMT" skipped="0" hostname="Win-PC" errors="0">
  <testcase name="DragNDrop" time="32.501" classname="Test.DragNDropTest1"/>
</testsuite> <!-- Test.DragNDropTest1 -->
